<?xml version="1.0" encoding="UTF-8"?>
<testng-results ignored="0" total="1" passed="1" failed="0" skipped="0">
  <reporter-output>
  </reporter-output>
  <suite started-at="2021-01-21T13:31:53Z" name="Default suite" finished-at="2021-01-21T13:32:49Z" duration-ms="56057">
    <groups>
    </groups>
    <test started-at="2021-01-21T13:31:53Z" name="Default test" finished-at="2021-01-21T13:32:49Z" duration-ms="56057">
      <class name="testcases.LoginDemo">
        <test-method is-config="true" signature="launchUrl()[pri:0, instance:testcases.LoginDemo@f0c8a99]" started-at="2021-01-21T13:31:53Z" name="launchUrl" finished-at="2021-01-21T13:32:05Z" duration-ms="11995" status="PASS">
          <reporter-output>
          </reporter-output>
        </test-method> <!-- launchUrl -->
        <test-method signature="demoTest()[pri:0, instance:testcases.LoginDemo@f0c8a99]" started-at="2021-01-21T13:32:05Z" name="demoTest" finished-at="2021-01-21T13:32:49Z" duration-ms="44037" status="PASS">
          <reporter-output>
          </reporter-output>
        </test-method> <!-- demoTest -->
      </class> <!-- testcases.LoginDemo -->
    </test> <!-- Default test -->
  </suite> <!-- Default suite -->
</testng-results>
